2023-10-24 2:53:07 - 0.000 sec.
2023-10-24 2:53:07 - ================== [Copy START] ==================
2023-10-24 2:53:07 - 0.000 sec.
2023-10-24 2:53:07 - [Copy product options]
2023-10-24 2:53:07 - 0.004 sec.
2023-10-24 2:53:07 - [Copy OpenCart filters]
2023-10-24 2:53:07 - 0.002 sec.
2023-10-24 2:53:07 - [Copy attributes start]
2023-10-24 2:53:07 - 0.000 sec.
2023-10-24 2:53:07 - [Delete old product value (attribute) relations]
2023-10-24 2:53:07 - 0.000 sec.
2023-10-24 2:53:07 - [Create attribute cache]
2023-10-24 2:53:07 - 0.001 sec.
2023-10-24 2:53:07 - [Insert filters]
2023-10-24 2:53:07 - 0.000 sec.
2023-10-24 2:53:07 - [Insert filters description]
2023-10-24 2:53:07 - 0.000 sec.
2023-10-24 2:53:07 - [Insert filter values]
2023-10-24 2:53:07 - 0.000 sec.
2023-10-24 2:53:07 - [Insert filter values description]
2023-10-24 2:53:07 - 0.002 sec.
2023-10-24 2:53:07 - [Insert filter values description for another languages]
2023-10-24 2:53:07 - 0.001 sec.
2023-10-24 2:53:07 - [Insert product value new relations]
2023-10-24 2:53:07 - 0.000 sec.
2023-10-24 2:53:07 - [Set categories]
2023-10-24 2:53:07 - 0.000 sec.
2023-10-24 2:53:07 - [Set store]
2023-10-24 2:53:07 - 0.001 sec.
2023-10-24 2:53:07 - [Disable bad filters]
2023-10-24 2:53:07 - 0.001 sec.
2023-10-24 2:53:07 - [Convert sliders]
2023-10-24 2:53:07 - 0.001 sec.
2023-10-24 2:53:07 - [Optimize]
2023-10-24 2:53:07 - 0.001 sec.
2023-10-24 2:53:07 - [Clear cache]
2023-10-24 2:53:07 - 0.000 sec.
2023-10-24 2:53:07 - ================== [Copy END] ==== (0.015 sec. total) ==============
2023-10-24 2:53:07 - 0.000 sec.
2023-10-24 2:53:07 - 1698105193922
2023-10-24 2:53:10 - 0.000 sec.
2023-10-24 2:53:10 - ================== [Copy START] ==================
2023-10-24 2:53:10 - 0.000 sec.
2023-10-24 2:53:10 - [Copy product options]
2023-10-24 2:53:10 - 0.002 sec.
2023-10-24 2:53:10 - [Copy OpenCart filters]
2023-10-24 2:53:10 - 0.001 sec.
2023-10-24 2:53:10 - [Copy attributes start]
2023-10-24 2:53:10 - 0.000 sec.
2023-10-24 2:53:10 - [Delete old product value (attribute) relations]
2023-10-24 2:53:10 - 0.000 sec.
2023-10-24 2:53:10 - [Create attribute cache]
2023-10-24 2:53:10 - 0.001 sec.
2023-10-24 2:53:10 - [Insert filters]
2023-10-24 2:53:10 - 0.000 sec.
2023-10-24 2:53:10 - [Insert filters description]
2023-10-24 2:53:10 - 0.000 sec.
2023-10-24 2:53:10 - [Insert filter values]
2023-10-24 2:53:10 - 0.000 sec.
2023-10-24 2:53:10 - [Insert filter values description]
2023-10-24 2:53:10 - 0.001 sec.
2023-10-24 2:53:10 - [Insert filter values description for another languages]
2023-10-24 2:53:10 - 0.000 sec.
2023-10-24 2:53:10 - [Insert product value new relations]
2023-10-24 2:53:10 - 0.000 sec.
2023-10-24 2:53:10 - [Set categories]
2023-10-24 2:53:10 - 0.000 sec.
2023-10-24 2:53:10 - [Set store]
2023-10-24 2:53:10 - 0.000 sec.
2023-10-24 2:53:10 - [Disable bad filters]
2023-10-24 2:53:10 - 0.001 sec.
2023-10-24 2:53:10 - [Convert sliders]
2023-10-24 2:53:10 - 0.000 sec.
2023-10-24 2:53:10 - [Optimize]
2023-10-24 2:53:10 - 0.000 sec.
2023-10-24 2:53:10 - [Clear cache]
2023-10-24 2:53:10 - 0.000 sec.
2023-10-24 2:53:10 - ================== [Copy END] ==== (0.008 sec. total) ==============
2023-10-24 2:53:10 - 0.000 sec.
2023-10-24 2:53:10 - 1698105196970
2023-10-24 15:07:06 - 0.000 sec.
2023-10-24 15:07:06 - ================== [Copy START] ==================
2023-10-24 15:07:06 - 0.000 sec.
2023-10-24 15:07:06 - [Copy product options]
2023-10-24 15:07:06 - 0.004 sec.
2023-10-24 15:07:06 - [Copy OpenCart filters]
2023-10-24 15:07:06 - 0.002 sec.
2023-10-24 15:07:06 - [Copy attributes start]
2023-10-24 15:07:06 - 0.000 sec.
2023-10-24 15:07:06 - [Delete old product value (attribute) relations]
2023-10-24 15:07:06 - 0.000 sec.
2023-10-24 15:07:06 - [Create attribute cache]
2023-10-24 15:07:06 - 0.001 sec.
2023-10-24 15:07:06 - [Insert filters]
2023-10-24 15:07:06 - 0.000 sec.
2023-10-24 15:07:06 - [Insert filters description]
2023-10-24 15:07:06 - 0.000 sec.
2023-10-24 15:07:06 - [Insert filter values]
2023-10-24 15:07:06 - 0.000 sec.
2023-10-24 15:07:06 - [Insert filter values description]
2023-10-24 15:07:06 - 0.001 sec.
2023-10-24 15:07:06 - [Insert filter values description for another languages]
2023-10-24 15:07:06 - 0.000 sec.
2023-10-24 15:07:06 - [Insert product value new relations]
2023-10-24 15:07:06 - 0.000 sec.
2023-10-24 15:07:06 - [Set categories]
2023-10-24 15:07:06 - 0.000 sec.
2023-10-24 15:07:06 - [Set store]
2023-10-24 15:07:06 - 0.000 sec.
2023-10-24 15:07:06 - [Disable bad filters]
2023-10-24 15:07:06 - 0.000 sec.
2023-10-24 15:07:06 - [Convert sliders]
2023-10-24 15:07:06 - 0.000 sec.
2023-10-24 15:07:06 - [Optimize]
2023-10-24 15:07:06 - 0.000 sec.
2023-10-24 15:07:06 - [Clear cache]
2023-10-24 15:07:06 - 0.000 sec.
2023-10-24 15:07:06 - ================== [Copy END] ==== (0.011 sec. total) ==============
2023-10-24 15:07:06 - 0.000 sec.
2023-10-24 15:07:06 - 1698149233271
2023-10-24 15:18:10 - 0.000 sec.
2023-10-24 15:18:10 - ================== [Copy START] ==================
2023-10-24 15:18:10 - 0.000 sec.
2023-10-24 15:18:10 - [Copy product options]
2023-10-24 15:18:10 - 0.002 sec.
2023-10-24 15:18:10 - [Copy OpenCart filters]
2023-10-24 15:18:10 - 0.001 sec.
2023-10-24 15:18:10 - [Copy attributes start]
2023-10-24 15:18:10 - 0.000 sec.
2023-10-24 15:18:10 - [Delete old product value (attribute) relations]
2023-10-24 15:18:10 - 0.000 sec.
2023-10-24 15:18:10 - [Create attribute cache]
2023-10-24 15:18:10 - 0.001 sec.
2023-10-24 15:18:10 - [Insert filters]
2023-10-24 15:18:10 - 0.000 sec.
2023-10-24 15:18:10 - [Insert filters description]
2023-10-24 15:18:10 - 0.000 sec.
2023-10-24 15:18:10 - [Insert filter values]
2023-10-24 15:18:10 - 0.000 sec.
2023-10-24 15:18:10 - [Insert filter values description]
2023-10-24 15:18:10 - 0.001 sec.
2023-10-24 15:18:10 - [Insert filter values description for another languages]
2023-10-24 15:18:10 - 0.000 sec.
2023-10-24 15:18:10 - [Insert product value new relations]
2023-10-24 15:18:10 - 0.000 sec.
2023-10-24 15:18:10 - [Set categories]
2023-10-24 15:18:10 - 0.000 sec.
2023-10-24 15:18:10 - [Set store]
2023-10-24 15:18:10 - 0.000 sec.
2023-10-24 15:18:10 - [Disable bad filters]
2023-10-24 15:18:10 - 0.000 sec.
2023-10-24 15:18:10 - [Convert sliders]
2023-10-24 15:18:10 - 0.001 sec.
2023-10-24 15:18:10 - [Optimize]
2023-10-24 15:18:10 - 0.001 sec.
2023-10-24 15:18:10 - [Clear cache]
2023-10-24 15:18:10 - 0.000 sec.
2023-10-24 15:18:10 - ================== [Copy END] ==== (0.009 sec. total) ==============
2023-10-24 15:18:10 - 0.000 sec.
2023-10-24 15:18:10 - 1698149897383
2023-10-24 15:18:36 - 0.000 sec.
2023-10-24 15:18:36 - ================== [Copy START] ==================
2023-10-24 15:18:36 - 0.000 sec.
2023-10-24 15:18:36 - [Copy product options]
2023-10-24 15:18:36 - 0.001 sec.
2023-10-24 15:18:36 - [Copy OpenCart filters]
2023-10-24 15:18:36 - 0.001 sec.
2023-10-24 15:18:36 - [Copy attributes start]
2023-10-24 15:18:36 - 0.000 sec.
2023-10-24 15:18:36 - [Delete old product value (attribute) relations]
2023-10-24 15:18:36 - 0.000 sec.
2023-10-24 15:18:36 - [Create attribute cache]
2023-10-24 15:18:36 - 0.001 sec.
2023-10-24 15:18:36 - [Insert filters]
2023-10-24 15:18:36 - 0.000 sec.
2023-10-24 15:18:36 - [Insert filters description]
2023-10-24 15:18:36 - 0.000 sec.
2023-10-24 15:18:36 - [Insert filter values]
2023-10-24 15:18:36 - 0.000 sec.
2023-10-24 15:18:36 - [Insert filter values description]
2023-10-24 15:18:36 - 0.001 sec.
2023-10-24 15:18:36 - [Insert filter values description for another languages]
2023-10-24 15:18:36 - 0.000 sec.
2023-10-24 15:18:36 - [Insert product value new relations]
2023-10-24 15:18:36 - 0.000 sec.
2023-10-24 15:18:36 - [Set categories]
2023-10-24 15:18:36 - 0.000 sec.
2023-10-24 15:18:36 - [Set store]
2023-10-24 15:18:36 - 0.000 sec.
2023-10-24 15:18:36 - [Disable bad filters]
2023-10-24 15:18:36 - 0.000 sec.
2023-10-24 15:18:36 - [Convert sliders]
2023-10-24 15:18:36 - 0.000 sec.
2023-10-24 15:18:36 - [Optimize]
2023-10-24 15:18:36 - 0.000 sec.
2023-10-24 15:18:36 - [Clear cache]
2023-10-24 15:18:36 - 0.000 sec.
2023-10-24 15:18:36 - ================== [Copy END] ==== (0.006 sec. total) ==============
2023-10-24 15:18:36 - 0.000 sec.
2023-10-24 15:18:36 - 1698149923064
2023-11-02 14:22:55 - 0.000 sec.
2023-11-02 14:22:55 - ================== [Copy START] ==================
2023-11-02 14:22:55 - 0.000 sec.
2023-11-02 14:22:55 - [Copy product options]
2023-11-02 14:22:55 - 0.002 sec.
2023-11-02 14:22:55 - [Copy OpenCart filters]
2023-11-02 14:22:55 - 0.001 sec.
2023-11-02 14:22:55 - [Copy attributes start]
2023-11-02 14:22:55 - 0.000 sec.
2023-11-02 14:22:55 - [Delete old product value (attribute) relations]
2023-11-02 14:22:55 - 0.000 sec.
2023-11-02 14:22:55 - [Create attribute cache]
2023-11-02 14:22:55 - 0.001 sec.
2023-11-02 14:22:55 - [Insert filters]
2023-11-02 14:22:55 - 0.000 sec.
2023-11-02 14:22:55 - [Insert filters description]
2023-11-02 14:22:55 - 0.000 sec.
2023-11-02 14:22:55 - [Insert filter values]
2023-11-02 14:22:55 - 0.000 sec.
2023-11-02 14:22:55 - [Insert filter values description]
2023-11-02 14:22:55 - 0.001 sec.
2023-11-02 14:22:55 - [Insert filter values description for another languages]
2023-11-02 14:22:55 - 0.001 sec.
2023-11-02 14:22:55 - [Insert product value new relations]
2023-11-02 14:22:55 - 0.000 sec.
2023-11-02 14:22:55 - [Set categories]
2023-11-02 14:22:55 - 0.001 sec.
2023-11-02 14:22:55 - [Set store]
2023-11-02 14:22:55 - 0.001 sec.
2023-11-02 14:22:55 - [Disable bad filters]
2023-11-02 14:22:55 - 0.001 sec.
2023-11-02 14:22:55 - [Convert sliders]
2023-11-02 14:22:55 - 0.001 sec.
2023-11-02 14:22:55 - [Optimize]
2023-11-02 14:22:55 - 0.001 sec.
2023-11-02 14:22:55 - [Clear cache]
2023-11-02 14:22:55 - 0.000 sec.
2023-11-02 14:22:55 - ================== [Copy END] ==== (0.01 sec. total) ==============
2023-11-02 14:22:55 - 0.000 sec.
2023-11-02 14:22:55 - 1698927787946
