2023-12-01 18:58:02 - MOD: Modification Default

FILE: system/engine/action.php
REGEX: ~(require|include)(_once)?\(([^)]+)~
LINE: 69

FILE: system/engine/loader.php
REGEX: ~(require|include)(_once)?\(([^)]+)~
LINE: 77
LINE: 151
LINE: 168

FILE: system/library/config.php
REGEX: ~(require|include)(_once)?\(([^)]+)~
LINE: 59

FILE: system/library/language.php
REGEX: ~(require|include)(_once)?\(([^)]+)~
LINE: 67
LINE: 73

FILE: system/library/template/template.php
REGEX: ~(require|include)(_once)?\(([^)]+)~
LINE: 18

FILE: system/library/template/twig.php
CODE: if (is_file($file)) {
LINE: 13
----------------------------------------------------------------
MOD: OCFilter Modification

FILE: admin/controller/catalog/product.php
CODE: $this->load->model('design/layout')
LINE: 1168

FILE: admin/controller/common/column_left.php
CODE: if ($this->user->hasPermission('access', 'catalog/filter'))
LINE: 86

FILE: admin/controller/design/layout.php
CODE: 'module/' . $code
NOT FOUND - OPERATIONS ABORTED!

FILE: admin/controller/catalog/category.php
CODE: $results = $this->model_catalog_category->getCategories($filter_data);
LINE: 211
LINE: 612

FILE: admin/model/catalog/product.php
CODE: if (isset($data['product_layout']))
LINE: 136
LINE: 309
CODE: $this->getProductAttributes($product_id);
LINE: 337
CODE: $this->db->query("DELETE FROM " . DB_PREFIX . "product WHERE product_id
LINE: 362
CODE: editProduct($product_id, $data) {
LINE: 155

FILE: catalog/controller/startup/seo_url.php
CODE: $this->url->addRewrite($this);
LINE: 12
CODE: if ($url[0] == 'information_id')
LINE: 55

FILE: catalog/controller/product/category.php
CODE: $data['sorts'] = array
LINE: 232
CODE: $data['limits'] = array
LINE: 315
CODE: $pagination = new Pagination
LINE: 358
CODE: $data['limit'] = $limit;
LINE: 392

FILE: catalog/controller/product/special.php
CODE: $data['sorts'] = array
LINE: 146
CODE: $data['limits'] = array
LINE: 225
CODE: $pagination = new Pagination
LINE: 264
CODE: $data['limit'] = $limit;
LINE: 298

FILE: catalog/controller/product/search.php
CODE: $data['sorts'] = array
LINE: 274
CODE: $data['limits'] = array
LINE: 373
CODE: $pagination = new Pagination
LINE: 432
CODE: $data['limit'] = $limit;
LINE: 485

FILE: catalog/controller/product/manufacturer.php
CODE: $data['sorts'] = array
LINE: 217
CODE: $data['limits'] = array
LINE: 296
CODE: $pagination = new Pagination
LINE: 335
CODE: $data['limit'] = $limit;
LINE: 369
CODE: $product_total =
LINE: 167

FILE: catalog/controller/product/product.php
CODE: $data['column_left']
LINE: 468
LINE: 545

FILE: catalog/controller/common/column_left.php
CODE: $this->load->model('extension/module');
NOT FOUND - OPERATION SKIPPED!

FILE: catalog/controller/common/column_right.php
CODE: $this->load->model('extension/module');
NOT FOUND - OPERATION SKIPPED!

FILE: catalog/controller/common/content_bottom.php
CODE: $this->load->model('extension/module');
NOT FOUND - OPERATION SKIPPED!

FILE: catalog/controller/common/content_top.php
CODE: $this->load->model('extension/module');
NOT FOUND - OPERATION SKIPPED!
CODE: $this->load->model('setting/module');
LINE: 50
CODE: $this->load->model('setting/module');
LINE: 50
CODE: $this->load->model('setting/module');
LINE: 50
CODE: $this->load->model('setting/module');
LINE: 50
CODE: $data['modules'][] = $this->load->controller('module/' . $part[0]);
NOT FOUND - OPERATION SKIPPED!
CODE: $data['modules'][] = $this->load->controller('module/' . $part[0]);
NOT FOUND - OPERATION SKIPPED!
CODE: $data['modules'][] = $this->load->controller('module/' . $part[0]);
NOT FOUND - OPERATION SKIPPED!
CODE: $data['modules'][] = $this->load->controller('module/' . $part[0]);
NOT FOUND - OPERATION SKIPPED!
CODE: $module_data = $this->load->controller('module/' . $part[0]);
NOT FOUND - OPERATION SKIPPED!
CODE: $module_data = $this->load->controller('module/' . $part[0]);
NOT FOUND - OPERATION SKIPPED!
CODE: $module_data = $this->load->controller('module/' . $part[0]);
NOT FOUND - OPERATION SKIPPED!
CODE: $module_data = $this->load->controller('module/' . $part[0]);
NOT FOUND - OPERATION SKIPPED!

FILE: catalog/model/catalog/product.php
CODE: $query = $this->db->query($
LINE: 206
LINE: 263
LINE: 533
CODE: if (!empty($data['filter_manufacturer_id']))
LINE: 158
LINE: 536
CODE: getTotalProductSpecials() {
LINE: 571

FILE: catalog/view/theme/default/template/product/category.twig
REGEX: ~(\{% if \(?products\)? %\})~
LINE: 52
REGEX: ~(\{\{\s?content_bottom\s?\}\})~
LINE: 158

FILE: catalog/view/theme/unishop2/template/product/category.twig
REGEX: ~(\{% if \(?products\)? %\})~
LINE: 63
REGEX: ~(\{\{\s?content_bottom\s?\}\})~
LINE: 209
REGEX: ~(\{% if \(?products\)? %\})~
LINE: 78
REGEX: ~(\{% if \(?products\)? %\})~
LINE: 89

FILE: catalog/view/theme/default/template/product/search.twig
REGEX: ~(\{% if \(?products\)? %\})~
LINE: 70

FILE: catalog/view/theme/unishop2/template/product/search.twig
REGEX: ~(\{% if \(?products\)? %\})~
LINE: 107

FILE: catalog/view/theme/default/template/product/special.twig
REGEX: ~(\{% if \(?products\)? %\})~
LINE: 18

FILE: catalog/view/theme/unishop2/template/product/special.twig
REGEX: ~(\{% if \(?products\)? %\})~
LINE: 16

FILE: system/engine/router.php
CODE: public function __construct($registry) {
LINE: 33

FILE: system/library/document.php
CODE: public function getLinks
LINE: 106
CODE: $loader = new \Twig\Loader\ArrayLoader(array($filename . '.twig' => $code));
LINE: 34
----------------------------------------------------------------
MOD: Fix for twig
CODE: $loader = new \Twig_Loader_Array(array($filename . '.twig' => $code));
NOT FOUND - OPERATION SKIPPED!
CODE: $loader = new \Twig\Loader\ArrayLoader(array($filename . '.twig' => $code));
NOT FOUND - OPERATION SKIPPED!
----------------------------------------------------------------
MOD: DEV-OPENCART.COM - Universal Import/Export Pro 3.7.1

FILE: admin/model/customer/customer.php
CODE: $this->db->query("INSERT INTO " . DB_PREFIX . "customer SET
LINE: 3

FILE: admin/model/catalog/category.php
CODE: $this->db->query("INSERT INTO " . DB_PREFIX . "category SET
LINE: 3
CODE: $this->db->query("UPDATE " . DB_PREFIX . "category SET parent_id = '" . (int)$data['parent_id'] . "',
LINE: 87
CODE: $this->db->query("INSERT INTO " . DB_PREFIX . "category_description SET
LINE: 36
LINE: 116
CODE: if (isset($this->request->post['sort_order'])) {
LINE: 483

FILE: admin/view/template/catalog/category_form.twig
CODE: <div class="tab-pane" id="tab-data">
LINE: 91

FILE: admin/model/catalog/information.php
CODE: $this->db->query("INSERT INTO " . DB_PREFIX . "information SET
LINE: 3
CODE: $this->db->query("UPDATE " . DB_PREFIX . "information SET sort_order = '" . (int)$data['sort_order'] . "',
LINE: 60
CODE: $this->db->query("INSERT INTO " . DB_PREFIX . "information_description SET
LINE: 28
LINE: 81
CODE: protected function getList() {
LINE: 248
CODE: $url .= '&filter_name='
LINE: 34
LINE: 91
LINE: 150
LINE: 209
LINE: 325
LINE: 450
LINE: 494
LINE: 588
CODE: 'filter_name'	  => $filter_name,
LINE: 372
CODE: $this->response->setOutput($this->load->view('catalog/product_form
LINE: 1248

FILE: admin/view/template/catalog/product_form.twig
CODE: {{ entry_sort_order }}</label>
LINE: 376

FILE: admin/view/template/catalog/product_list.twig
CODE: <button type="button" id="button-filter" class="btn btn-default"><i class="fa fa-filter"></i> {{ button_filter }}</button>
LINE: 140
CODE: var filter_name = $('input[name=\'filter_name\']').val();
LINE: 218
CODE: $this->db->query("INSERT INTO " . DB_PREFIX . "product_filter SET
LINE: 109
LINE: 292
CODE: $this->db->query("INSERT INTO " . DB_PREFIX . "product SET
LINE: 3
CODE: public function editProduct(
LINE: 200
CODE: $this->db->query("INSERT INTO " . DB_PREFIX . "product_description SET
LINE: 32
LINE: 217
CODE: SET product_option_id = '" . (int)$product_option['product_option_id'] . "',
LINE: 279
LINE: 293
CODE: $this->db->query("INSERT INTO " . DB_PREFIX . "product_option_value SET product_option_value_id =
LINE: 289
CODE: if (!empty($data['filter_name'])) {
LINE: 510
LINE: 793

FILE: admin/model/catalog/manufacturer.php
CODE: $this->db->query("INSERT INTO " . DB_PREFIX . "manufacturer SET
LINE: 3
CODE: $this->db->escape(sha1($salt . sha1($salt . sha1($data['password']))))
LINE: 15
LINE: 42
CODE: $this->db->escape($salt = token(9))
LINE: 15
LINE: 42
CODE: if ($this->user->hasPermission('access', 'marketplace/event')) {
LINE: 223
CODE: if ($this->user->hasPermission('access', 'extension/event')) {
NOT FOUND - OPERATION SKIPPED!

FILE: admin/controller/extension/extension/module.php
CODE: $files = glob(DIR_APPLICATION . 'controller/extension/module/*.php');
LINE: 135
CODE: $data['extensions'][] = array(
LINE: 176
----------------------------------------------------------------
MOD: Admin Collapsible Sidebar

FILE: admin/view/template/common/column_left.twig
CODE: <ul id="menu">
LINE: 3

FILE: admin/view/template/common/header.twig
CODE: <link type="text/css" href="view/stylesheet/stylesheet.css" rel="stylesheet" media="screen" />
LINE: 22
CODE: <script src="view/javascript/common.js" type="text/javascript"></script>
LINE: 30
----------------------------------------------------------------
MOD: DEV-OPENCART.COM — CKEditor + Автосохранение + Загрузка произвольных  типов файлов

FILE: system/library/response.php
CODE: if ($this->output) {
LINE: 114
CODE: return gzencode($data, (int)$level);
LINE: 110

FILE: admin/controller/common/header.php
CODE: public function index() {
LINE: 20
CODE: </head>
LINE: 40

FILE: admin/controller/extension/module/ocfilter.php
CODE: protected function getPageForm($data) {
NOT FOUND - OPERATION SKIPPED!

FILE: admin/controller/common/filemanager.php
CODE: public function index() {
LINE: 8
----------------------------------------------------------------
MOD: DEV-OPENCART.COM — FakeReviews PRO - генерация отзывов для товаров
----------------------------------------------------------------
MOD: Localcopy OCMOD Install Fix

FILE: admin/controller/marketplace/install.php
CODE: if ($safe) {
LINE: 165
CODE: if (is_dir($file) && !is_dir($path)) {
LINE: 221
----------------------------------------------------------------
MOD: Manufacturer Logo

FILE: catalog/view/theme/default/template/product/manufacturer_list.twig
CODE: <a href="{{ manufacturer.href }}">{{ manufacturer.name }}</a>
LINE: 25

FILE: catalog/view/theme/unishop2/template/product/manufacturer_list.twig
CODE: <a href="{{ manufacturer.href }}">{{ manufacturer.name }}</a>
LINE: 36
CODE: public function index() {
LINE: 7
CODE: $data['categories'][$key]['manufacturer'][] = array(
LINE: 46
----------------------------------------------------------------
MOD: MonoPay - підключення еквайрингу Monobank

FILE: admin/view/template/sale/order_info.twig
CODE: {{ footer }}
LINE: 733
CODE: <div class="pull-right">
LINE: 4

FILE: admin/controller/sale/order.php
CODE: $this->load->model('setting/extension');
LINE: 1231
CODE: if ($this->user->hasPermission('access', 'sale/recurring')) {
LINE: 314

FILE: admin/language/ru-ru/sale/order.php
CODE: // Text
LINE: 14

FILE: admin/language/uk-ua/sale/order.php
CODE: // Text
LINE: 16

FILE: admin/language/en-gb/sale/order.php
CODE: // Text
LINE: 14

FILE: admin/language/ru-ru/common/column_left.php
CODE: // Text
LINE: 4

FILE: admin/language/uk-ua/common/column_left.php
CODE: // Text
LINE: 4

FILE: admin/language/en-gb/common/column_left.php
CODE: // Text
LINE: 4
CODE: // Text
LINE: 7
----------------------------------------------------------------
MOD: No Common Home
CODE: } elseif ($key == 'path') {
LINE: 105
----------------------------------------------------------------
MOD: OCMOD Editor

FILE: admin/controller/startup/permission.php
CODE: $extension = array(
LINE: 18

FILE: admin/controller/marketplace/modification.php
CODE: public function index() {
LINE: 18
CODE: $data['refresh'] = $this->url->link('marketplace/modification/refresh', 'user_token=' . $this->session->data['user_token'] . $url, true);
LINE: 675
CODE: $data['modifications'][] = array(
LINE: 697
CODE: public function index() {
LINE: 10
CODE: $this->response->redirect($this->url->link('marketplace/modification', 'user_token=' . $this->session->data['user_token'] . $url, true));
LINE: 522

FILE: admin/view/template/marketplace/modification.twig
CODE: <div class="pull-right">
LINE: 5
CODE: {% if not modification.enabled %}
LINE: 96
----------------------------------------------------------------
MOD: Quick Admin Search
CODE: $this->load->language('common/header');
LINE: 55
CODE: <li class="dropdown"><a href="#"
LINE: 51
CODE: protected function getList() {
LINE: 255
CODE: 'filter_status'   => $filter_status,
LINE: 390
CODE: if (!empty($data['filter_model'])) {
LINE: 521
LINE: 811
CODE: protected function getList() {
LINE: 153
CODE: 'sort'  => $sort,
LINE: 210
CODE: getTotalCategories();
LINE: 216
CODE: public function getTotalCategories() {
LINE: 400
CODE: $sql .= " AND cd2.name LIKE '%" . $this->db->escape($data['filter_name']) . "%'";
LINE: 289
CODE: $query = $this->db->query("SELECT COUNT(*) AS total FROM " . DB_PREFIX . "category");
LINE: 405

FILE: admin/controller/catalog/manufacturer.php
CODE: protected function getList() {
LINE: 121
CODE: 'sort'  => $sort,
LINE: 177
CODE: getTotalManufacturers();
LINE: 183

FILE: admin/controller/catalog/option.php
CODE: protected function getList() {
LINE: 121
CODE: 'sort'  => $sort,
LINE: 177
CODE: getTotalOptions();
LINE: 183
CODE: public function getTotalManufacturers() {
LINE: 158
CODE: $query = $this->db->query("SELECT COUNT(*) AS total FROM " . DB_PREFIX . "manufacturer");
LINE: 159

FILE: admin/model/catalog/option.php
CODE: public function getTotalOptions() {
LINE: 171
CODE: $query = $this->db->query("SELECT COUNT(*) AS total FROM `" . DB_PREFIX . "option`");
LINE: 172

FILE: admin/controller/marketing/coupon.php
CODE: protected function getList() {
LINE: 121
CODE: 'sort'  => $sort,
LINE: 177
CODE: getTotalCoupons();
LINE: 183

FILE: admin/model/marketing/coupon.php
CODE: $sort_data = array(
LINE: 69
CODE: public function getTotalCoupons() {
LINE: 131
CODE: $query = $this->db->query("SELECT COUNT(*) AS total FROM " . DB_PREFIX . "coupon");
LINE: 132
CODE: protected function getList() {
LINE: 113
CODE: 'filter_customer'	     => $filter_customer,
LINE: 245
CODE: getTotalOrders($filter_data);
LINE: 257

FILE: admin/model/sale/order.php
CODE: if (!empty($data['filter_order_status'])) {
LINE: 157
CODE: $sort_data = array(
LINE: 212
CODE: public function getTotalOrders($data = array()) {
LINE: 347

FILE: admin/controller/customer/customer.php
CODE: protected function getList() {
LINE: 249
CODE: 'filter_status'            => $filter_status,
LINE: 372
CODE: if (!empty($data['filter_ip'])) {
LINE: 130
LINE: 279
----------------------------------------------------------------
MOD: SEO URL Generator
CODE: $parts = explode('/', $this->request->get['_route_']);
LINE: 23
CODE: $this->request->get['route'] = 'error/not_found';
LINE: 159
CODE: if (isset($this->request->post['category_seo_url'])) {
LINE: 558
CODE: if (isset($this->error['keyword'])) {
LINE: 331
CODE: if ($this->request->post['category_seo_url']) {
LINE: 634
CODE: if (isset($data['category_seo_url'])) {
LINE: 147
CODE: $this->db->query("DELETE FROM `" . DB_PREFIX . "seo_url` WHERE query = 'category_id=
LINE: 499
CODE: $this->db->query("DELETE FROM " . DB_PREFIX . "category WHERE category_id = '" . (int)$category_id . "'");
LINE: 534
CODE: <input type="text" name="category_seo_url[{{ store.store_id }}][{{ language.language_id }}]" value="{% if category_seo_url[store.store_id][language.language_id] %}{{ category_seo_url[store.store_id][language.language_id] }}{% endif %}" placeholder="{{ entry_keyword }}" class="form-control" />
LINE: 198
CODE: {{ footer }}
LINE: 605
CODE: if (isset($this->request->post['product_seo_url'])) {
LINE: 1269
CODE: if (isset($this->error['keyword'])) {
LINE: 597
CODE: if ($this->request->post['product_seo_url']) {
LINE: 1352
CODE: $data['keyword'] = '';
LINE: 438
CODE: if (isset($data['product_seo_url'])) {
LINE: 238
CODE: $this->db->query("DELETE FROM " . DB_PREFIX . "seo_url WHERE query =
LINE: 695
CODE: $this->db->query("DELETE FROM " . DB_PREFIX . "product WHERE product_id = '" . (int)$product_id . "'");
LINE: 773
CODE: <input type="text" name="product_seo_url[{{ store.store_id }}][{{ language.language_id }}]" value="{% if product_seo_url[store.store_id][language.language_id] %}{{ product_seo_url[store.store_id][language.language_id] }}{% endif %}" placeholder="{{ entry_keyword }}" class="form-control"/>
LINE: 1071
CODE: {{ footer }}
LINE: 1936
CODE: if (isset($this->request->post['manufacturer_seo_url'])) {
LINE: 433
CODE: if (isset($this->error['keyword'])) {
LINE: 284
CODE: if ($this->request->post['manufacturer_seo_url']) {
LINE: 479
CODE: if (isset($data['manufacturer_seo_url'])) {
LINE: 105
CODE: $this->db->query("DELETE FROM `" . DB_PREFIX . "seo_url` WHERE query = 'manufacturer_id=
LINE: 352

FILE: admin/view/template/catalog/manufacturer_form.twig
CODE: <input type="text" name="manufacturer_seo_url[{{ store.store_id }}][{{ language.language_id }}]" value="{% if manufacturer_seo_url[store.store_id][language.language_id] %}{{ manufacturer_seo_url[store.store_id][language.language_id] }}{% endif %}" placeholder="{{ entry_keyword }}" class="form-control" />
LINE: 85
CODE: {{ footer }}
LINE: 392

FILE: admin/controller/catalog/information.php
CODE: if (isset($this->request->post['information_seo_url'])) {
LINE: 427
CODE: if (isset($this->error['keyword'])) {
LINE: 282
CODE: if ($this->request->post['information_seo_url']) {
LINE: 495
CODE: if (isset($data['information_seo_url'])) {
LINE: 121
CODE: $this->db->query("DELETE FROM " . DB_PREFIX . "seo_url WHERE query = 'information_id=
LINE: 403

FILE: admin/view/template/catalog/information_form.twig
CODE: <input type="text" name="information_seo_url[{{ store.store_id }}][{{ language.language_id }}]" value="{% if information_seo_url[store.store_id][language.language_id] %}{{ information_seo_url[store.store_id][language.language_id] }}{% endif %}" placeholder="{{ entry_keyword }}" class="form-control" />
LINE: 147
CODE: {{ footer }}
LINE: 496
----------------------------------------------------------------
MOD: Shipping Data Admin
CODE: public function getForm(
LINE: 558
CODE: public function getOrderProducts(
LINE: 259
CODE: // Text
LINE: 31
CODE: // Text
LINE: 31
CODE: // Text
LINE: 33

FILE: admin/view/template/sale/order_list.twig
CODE: {{ footer }}
LINE: 548
CODE: {{ footer }}
LINE: 989
----------------------------------------------------------------
MOD: Shipping Data for Simple checkout and registration

FILE: catalog/controller/checkout/simplecheckout.php
CODE: public function index(
LINE: 16

FILE: catalog/model/tool/simpleapimain.php
CODE: extends Model {
LINE: 168

FILE: catalog/model/tool/simpleapicustom.php
CODE: extends Model {
LINE: 168

FILE: catalog/view/theme/default/template/checkout/simplecheckout.twig
CODE: {% include simple_footer %}
LINE: 588

FILE: catalog/view/theme/default/template/checkout/simplecheckout_shipping.twig
CODE: </label>
LINE: 55
----------------------------------------------------------------
MOD: Simple url rewrite

FILE: catalog/controller/startup/startup.php
CODE: $this->registry->set('url'
LINE: 47
----------------------------------------------------------------
MOD: Uni SeoPro

FILE: system/library/pagination.php
CODE: if ($num_pages > 1)
LINE: 63
LINE: 105
CODE: public function index() {
LINE: 10
CODE: if ($data) {
LINE: 237
CODE: $parts = explode('/', $this->request->get['_route_']);
LINE: 28
CODE: $this->request->get['route'] = 'information/information';
LINE: 187
CODE: parse_str($url_info['query'], $data);
LINE: 203
CODE: return $url_info['scheme']
LINE: 259

FILE: catalog/controller/common/language.php
CODE: $data['redirect'] = $this->url->link($route, $url, $this->request->server['HTTPS']);
LINE: 41
CODE: public function language() {
LINE: 49
----------------------------------------------------------------
MOD: Uni SeoPro для виключення дублів сторінок
CODE: // Filters
LINE: 982

FILE: admin/language/en-gb/catalog/product.php
CODE: // Entry
LINE: 29

FILE: admin/language/ru-ru/catalog/product.php
CODE: // Entry
LINE: 29
CODE: if (isset($data['product_related'])) {
LINE: 152
LINE: 467
CODE: public function getProductRelated($product_id) {
LINE: 1093
CODE: $this->getProductCategories($product_id)
LINE: 770
CODE: <label class="col-sm-2 control-label" for="input-category"><span data-toggle="tooltip" title="{{ help_category }}">{{ entry_category }}</span></label>
LINE: 406
CODE: $('#product-category').append('<div id="product-category' + item['value'] + '"><i class="fa fa-minus-circle"></i> ' + item['label'] + '<input type="hidden" name="product_category[]" value="' + item['value'] + '" /></div>');
LINE: 1207
CODE: $('#product-category').delegate('.fa-minus-circle', 'click', function() {
LINE: 1214
----------------------------------------------------------------
MOD: Unis fix
CODE: 'image/catalog/'
LINE: 139

FILE: catalog/controller/event/theme.php
CODE: $twig = new
NOT FOUND - OPERATION SKIPPED!

FILE: system/library/db/mysqli.php
CODE: $this->connection->query("SET SESSION sql_mode = 'NO_ZERO_IN_DATE,NO_ZERO_DATE,NO_ENGINE_SUBSTITUTION'");
NOT FOUND - OPERATION SKIPPED!
CODE: $this->twig = new
NOT FOUND - OPERATION SKIPPED!
CODE: $loader = new \Twig\Loader\ArrayLoader(array($filename . '.twig' => $code));
NOT FOUND - OPERATION SKIPPED!
----------------------------------------------------------------
MOD: Unis template
CODE: return $this->load->view
LINE: 87
CODE: return $this->load->view
LINE: 87

FILE: catalog/controller/common/header.php
CODE: return $this->load->view
LINE: 82

FILE: catalog/controller/common/menu.php
CODE: public function index() {
LINE: 13
CODE: $data['categories'] = array();
LINE: 21
CODE: $children_data = array();
LINE: 38
CODE: $category['name'],
LINE: 61
CODE: // Level 1
LINE: 60
CODE: return $this->load->view
LINE: 129

FILE: catalog/controller/information/contact.php
CODE: return !$this->error;
LINE: 177
CODE: $this->response->setOutput($this->load->view('information/contact', $data));
LINE: 145

FILE: catalog/controller/checkout/cart.php
CODE: public function index() {
LINE: 9
CODE: $this->response->redirect($this->url->link('checkout/cart'));
LINE: 408
CODE: if (!$json) {
LINE: 341
CODE: $json['redirect']
LINE: 409

FILE: catalog/controller/common/cart.php
CODE: $data['text_items']
LINE: 52
CODE: $product['cart_id'],
LINE: 105
CODE: public function index() {
LINE: 7

FILE: catalog/controller/account/account.php
CODE: public function index() {
LINE: 5

FILE: catalog/controller/extension/module/account.php
CODE: public function index() {
LINE: 5

FILE: catalog/controller/account/order.php
CODE: public function info() {
LINE: 90
CODE: if ($order_info) {
LINE: 112

FILE: catalog/controller/account/register.php
CODE: $this->load->language('account/register');
LINE: 15

FILE: catalog/controller/common/footer.php
CODE: return $this->load->view
LINE: 64

FILE: catalog/controller/extension/module/carousel.php
CODE: $this->document->addStyle
LINE: 8
LINE: 9
CODE: $this->document->addScript
LINE: 10

FILE: catalog/controller/extension/module/banner.php
CODE: $this->document->addStyle
LINE: 8
LINE: 9
CODE: $this->document->addScript
LINE: 10

FILE: catalog/controller/common/search.php
CODE: $this->load->language('common/search');
LINE: 36

FILE: catalog/controller/information/information.php
CODE: $data['description']
LINE: 37

FILE: catalog/controller/extension/module/category.php
CODE: if ($category['category_id'] == $data['category_id']) {
LINE: 34
CODE: $data['categories'] = array();
LINE: 27
CODE: return $this->load->view
LINE: 72

FILE: catalog/controller/extension/module/filter.php
CODE: public function index() {
LINE: 7
CODE: $this->model_catalog_category->getCategories($category_id);
LINE: 135
CODE: $data['categories'][] = array(
LINE: 146
CODE: $data['categories'] = array();
LINE: 136
CODE: public function info
LINE: 78
CODE: model_catalog_product
LINE: 192
CODE: model_catalog_product
LINE: 192
LINE: 194
CODE: foreach ($results as $result) {
LINE: 203
CODE: model_catalog_product
LINE: 86
CODE: model_catalog_product
LINE: 86
LINE: 88
CODE: getTotalProductSpecials()
LINE: 86
CODE: foreach ($results as $result) {
LINE: 97
CODE: 'limit' => $limit
LINE: 75
CODE: $url = '';
LINE: 47
LINE: 157
LINE: 237
LINE: 277
CODE: $sort = 'p.sort_order';
NOT FOUND - OPERATION SKIPPED!
CODE: $order = 'ASC';
NOT FOUND - OPERATION SKIPPED!
CODE: sort($limits);
LINE: 339
CODE: '&limit=' . $value)
LINE: 345
CODE: $data['sort'] = $sort;
LINE: 412
CODE: $sort = 'p.sort_order';
LINE: 46
CODE: $order = 'ASC';
LINE: 52
CODE: sort($limits);
LINE: 397
CODE: '&limit=' . $value)
LINE: 403
CODE: $data['sort'] = $sort;
LINE: 505
CODE: $sort = 'p.sort_order';
LINE: 12
CODE: $order = 'ASC';
LINE: 18
CODE: sort($limits);
LINE: 269
CODE: '&limit=' . $value)
LINE: 275
CODE: $data['sort'] = $sort;
LINE: 343
CODE: $sort = 'p.sort_order';
LINE: 96
CODE: $order = 'ASC';
LINE: 102
CODE: sort($limits);
LINE: 331
CODE: '&limit=' . $value)
LINE: 337
CODE: $data['sort'] = $sort;
LINE: 400
CODE: public function index
LINE: 21
CODE: $data['products'][] = array(
LINE: 241
CODE: $data['products'][] = array(
LINE: 264
CODE: public function index
LINE: 23
CODE: $data['products'][] = array(
LINE: 461
CODE: $data['products'][] = array(
LINE: 484
CODE: public function index
LINE: 21
CODE: $data['products'][] = array(
LINE: 267
CODE: $data['products'][] = array(
LINE: 290
CODE: public function index
LINE: 21
CODE: $data['products'][] = array(
LINE: 169
CODE: $data['products'][] = array(
LINE: 192
CODE: public function index
LINE: 21
CODE: $data['products'][] = array(
LINE: 241
CODE: $data['products'][] = array(
LINE: 264
CODE: public function index
LINE: 21
CODE: $data['products'][] = array(
NOT FOUND - OPERATION SKIPPED!
CODE: $data['products'][] = array(
NOT FOUND - OPERATION SKIPPED!

FILE: catalog/controller/extension/module/special.php
CODE: public function index
LINE: 21
CODE: $data['products'][] = array(
LINE: 85
CODE: $data['products'][] = array(
LINE: 108

FILE: catalog/controller/extension/module/latest.php
CODE: public function index
LINE: 21
CODE: $data['products'][] = array(
LINE: 78
CODE: $data['products'][] = array(
LINE: 101

FILE: catalog/controller/extension/module/featured.php
CODE: public function index
LINE: 21
CODE: $data['products'][] = array(
LINE: 85
CODE: $data['products'][] = array(
LINE: 108

FILE: catalog/controller/extension/module/bestseller.php
CODE: public function index
LINE: 21
CODE: $data['products'][] = array(
LINE: 78
CODE: $data['products'][] = array(
LINE: 101
CODE: $this->document->addScript('catalog/view/javascript/jquery/datetimepicker/
LINE: 257
LINE: 258
LINE: 259
CODE: $this->document->addStyle('catalog/view/javascript/jquery/datetimepicker/
LINE: 260
CODE: $this->document->addScript('catalog/view/javascript/jquery/magnific/
LINE: 255
CODE: $this->document->addStyle('catalog/view/javascript/jquery/magnific/
LINE: 256
CODE: image_popup_height')),
LINE: 310
CODE: $data['images'] = array();
LINE: 304
CODE: $this->request->get['product_id']) as $option) {
LINE: 367
CODE: ($option_value['quantity'] > 0)
LINE: 371
CODE: $this->model_tool_image->resize($option_value['image'], 50, 50),
LINE: 382
CODE: 'price'                   => $price,
LINE: 390
CODE: $this->request->get['product_id']) as $option) {
LINE: 373
CODE: $data['options'][] = array(
LINE: 405
CODE: $data['options'][] = array(
LINE: 410
CODE: if ($product_info['minimum']) {
LINE: 429
CODE: if (!isset($json['error'])) {
LINE: 753

FILE: catalog/controller/product/compare.php
CODE: public function index()
LINE: 7
CODE: $product_info['product_id'],
LINE: 105

FILE: catalog/controller/account/wishlist.php
CODE: public function index()
LINE: 7
CODE: $product_info['product_id'],
LINE: 99
CODE: public function info()
LINE: 91
CODE: $product['quantity'],
LINE: 294

FILE: catalog/controller/mail/order.php
CODE: public function add
LINE: 46

FILE: catalog/controller/mail/register.php
CODE: $data['login']
LINE: 40

FILE: catalog/model/account/order.php
CODE: $order_query->row['shipping_method'],
LINE: 88

FILE: catalog/model/design/layout.php
CODE: return $query->rows;
LINE: 36
CODE: $query->row['rating']),
LINE: 44
CODE: if (isset($data['sort']) && in_array($data['sort'], $sort_data)) {
LINE: 186
LINE: 257
CODE: $sql .= " ORDER BY
LINE: 188
LINE: 190
LINE: 192
LINE: 195
LINE: 259
LINE: 261
LINE: 264

FILE: catalog/model/catalog/review.php
CODE: , rating =
LINE: 3
CODE: r.author, r.rating, r.text,
LINE: 58
CODE: $this->load->language('mail/review');
LINE: 9
CODE: $message .= html_entity_decode($data['text'], ENT_QUOTES, 'UTF-8') . "\n\n";
LINE: 26
CODE: $this->registry->set('encryption'
LINE: 204
CODE: if ($url[0] == 'information_id') {
LINE: 89
CODE: $url[0] != 'information_id'
LINE: 93
CODE: } elseif (isset($this->request->get['information_id'])) {
LINE: 208
CODE: ($data['route'] == 'information/information' && $key == 'information_id')
LINE: 232
CODE: } elseif ($key == 'path') {
LINE: 261
CODE: $catalog = array();
LINE: 139

FILE: admin/model/catalog/review.php
CODE: public function addReview($data)
LINE: 25
CODE: , rating =
LINE: 26
LINE: 36

FILE: admin/controller/catalog/review.php
CODE: public function index()
LINE: 8
CODE: if (isset($this->request->post['rating'])) {
LINE: 554

FILE: admin/view/template/catalog/review_form.twig
CODE: <label class="col-sm-2 control-label" for="input-text">
LINE: 71
CODE: $files = glob(DIR_APPLICATION . 'controller/extension/module/*.php');
LINE: 138
----------------------------------------------------------------
MOD: Unis tool
CODE: if ($unishop) {
LINE: 137
----------------------------------------------------------------
MOD: WebP Image

FILE: catalog/model/tool/image.php
CODE: ModelToolImage
LINE: 21
CODE: $image_new = str_replace('
LINE: 92

FILE: catalog/language/en-gb/common/footer.php
CODE: http://opencart.pro/
NOT FOUND - OPERATIONS ABORTED!

FILE: catalog/language/ru-ru/common/footer.php
CODE: http://opencart.pro/
NOT FOUND - OPERATIONS ABORTED!

FILE: catalog/language/uk-ua/common/footer.php
CODE: http://opencart.pro/
NOT FOUND - OPERATIONS ABORTED!
CODE: http://myopencart.com/
NOT FOUND - OPERATIONS ABORTED!
CODE: http://myopencart.com/
NOT FOUND - OPERATIONS ABORTED!
CODE: http://myopencart.com/
NOT FOUND - OPERATIONS ABORTED!
CODE: http://www.opencart.com
LINE: 16
CODE: http://www.opencart.com
NOT FOUND - OPERATIONS ABORTED!
CODE: http://www.opencart.com
NOT FOUND - OPERATIONS ABORTED!
CODE: http://lowenet.biz/
NOT FOUND - OPERATIONS ABORTED!
CODE: http://lowenet.biz/
NOT FOUND - OPERATIONS ABORTED!
CODE: http://lowenet.biz/
NOT FOUND - OPERATIONS ABORTED!
----------------------------------------------------------------
MOD: Авторизація по телефону або Email

FILE: system/library/cart/customer.php
CODE: $customer_query = $this->db->query("SELECT * FROM " . DB_PREFIX . "customer where LOWER(email) = '" . $this->db->escape(utf8_strtolower($email)) . "' AND status = '1'");
LINE: 46
CODE: $customer_query = $this->db->query("SELECT * FROM " . DB_PREFIX . "customer WHERE LOWER(email) = '" . $this->db->escape(utf8_strtolower($email)) . "' AND (password = SHA1(CONCAT(salt, SHA1(CONCAT(salt, SHA1('" . $this->db->escape($password) . "'))))) OR password = '" . $this->db->escape(md5($password)) . "') AND status = '1'");
LINE: 48

FILE: catalog/view/theme/default/template/account/login.twig
CODE: <input type="text" name="email" value="{{ email }}" placeholder="{{ entry_email }}" id="input-email" class="form-control" />
LINE: 37

FILE: catalog/view/theme/unishop2/template/account/login.twig
CODE: <input type="text" name="email" value="{{ email }}" placeholder="{{ entry_email }}" id="input-email" class="form-control" />
LINE: 39

FILE: catalog/language/en-gb/account/login.php
CODE: $_['entry_email']                  = 'E-Mail Address';
LINE: 15

FILE: catalog/language/ru-ru/account/login.php
CODE: $_['entry_email']                  = 'E-Mail';
LINE: 15

FILE: catalog/language/en-gb/checkout/checkout.php
CODE: $_['entry_email']                    = 'E-Mail';
LINE: 51

FILE: catalog/language/ru-ru/checkout/checkout.php
CODE: $_['entry_email']							= 'E-Mail';
NOT FOUND - OPERATION SKIPPED!
----------------------------------------------------------------
MOD: Відгуки з фото та відео

FILE: catalog/view/theme/default/template/product/product.twig
CODE: $('#review').load('index.php?route=product/product/review&product_id={{ product_id }}');
LINE: 507
CODE: $('#review').fadeOut('slow');
LINE: 500
CODE: $('#review').fadeIn('slow');
LINE: 506
CODE: <a href="" onclick="$('a[href=\'#tab-review\']').trigger('click'); return false;">{{ text_write }}</a>
LINE: 289

FILE: catalog/view/theme/unishop2/template/product/product.twig
CODE: $('#review').load('index.php?route=product/product/review&product_id={{ product_id }}');
NOT FOUND - OPERATIONS ABORTED!
CODE: $data['column_left'] = $this->load->controller('common/column_left');
LINE: 576
CODE: <link type="text/css" href="view/stylesheet/stylesheet.css" rel="stylesheet" media="screen" />
LINE: 22
CODE: <ul class="nav navbar-nav navbar-right">
LINE: 76
CODE: $data['logged'] = true;
LINE: 115
----------------------------------------------------------------
MOD: Відео з YouTube для картки товару
CODE: if (isset($this->request->post['product_description'])) {
LINE: 683
CODE: protected function getForm() {
LINE: 567
CODE: $product_id = $this->db->getLastId();
LINE: 32
CODE: public function editProduct($product_id, $data) {
LINE: 289
CODE: $data['product_attribute'] = $this->getProductAttributes($product_id);
LINE: 773
CODE: public function deleteProduct($product_id) {
LINE: 806
CODE: return $query->row;
LINE: 848
CODE: <li><a href="#tab-image" data-toggle="tab">{{ tab_image }}</a></li>
LINE: 40
CODE: <div class="tab-pane" id="tab-image">
LINE: 1021
CODE: {{ footer }}
LINE: 2044
CODE: if ($product_info) {
LINE: 200
CODE: {{ footer }}
LINE: 569
CODE: {{ footer }}
LINE: 1242
----------------------------------------------------------------
MOD: Віджет месенджерів
CODE: public function index() {
LINE: 57

FILE: catalog/view/theme/default/template/common/footer.twig
CODE: </body>
LINE: 202

FILE: catalog/view/theme/unishop2/template/common/footer.twig
CODE: </body>
LINE: 305
----------------------------------------------------------------
MOD: Видалити рекламу у розширеннях

FILE: admin/controller/extension/extension/promotion.php
CODE: public function index() {
LINE: 3
----------------------------------------------------------------
MOD: Голосовий пошук
CODE: function index(
LINE: 3
----------------------------------------------------------------
MOD: Мультимовні загальні дані та логотип

FILE: admin/controller/setting/setting.php
CODE: $data['header']
LINE: 1061

FILE: admin/controller/setting/store.php
CODE: $this->response->setOutput($this->load->view('setting/store_form', $data));
LINE: 806

FILE: admin/view/template/setting/setting.twig
CODE: name="config_logo"
LINE: 947
CODE: name="config_name"
LINE: 108
CODE: name="config_comment"
LINE: 184
CODE: name="config_address"
LINE: 136
CODE: name="config_meta_title"
LINE: 57
CODE: name="config_meta_description"
LINE: 77
CODE: name="config_meta_keyword"
LINE: 95
CODE: name="config_open"
LINE: 226
CODE: name="config_image"
LINE: 220
CODE: <textarea name="config_comment"
LINE: 267
CODE: view('common/footer
LINE: 120
CODE: public function index() {
LINE: 36

FILE: catalog/controller/common/home.php
CODE: public function index() {
LINE: 36
CODE: </body>
LINE: 205
CODE: </body>
LINE: 308

FILE: catalog/view/theme/default/template/common/header.twig
CODE: </head>
LINE: 41

FILE: catalog/view/theme/unishop2/template/common/header.twig
CODE: </head>
LINE: 59
----------------------------------------------------------------
MOD: Очищення кешу та логів в один клік
CODE: $data['logged'] = true;
LINE: 91
CODE: <ul class="nav navbar-nav navbar-right">
LINE: 103
CODE: <ul class="nav navbar-nav navbar-right">
LINE: 206

FILE: admin/view/template/common/footer.twig
CODE: <footer id="footer">{{ text_footer }}<br />{{ text_version }}</footer></div>
NOT FOUND - OPERATIONS ABORTED!
CODE: </body>
LINE: 205
CODE: </body>
LINE: 308
CODE: http://opencart.pro/
NOT FOUND - OPERATIONS ABORTED!
CODE: http://opencart.pro/
NOT FOUND - OPERATIONS ABORTED!
CODE: http://opencart.pro/
NOT FOUND - OPERATIONS ABORTED!
CODE: http://myopencart.com/
NOT FOUND - OPERATIONS ABORTED!
CODE: http://myopencart.com/
NOT FOUND - OPERATIONS ABORTED!
CODE: http://myopencart.com/
NOT FOUND - OPERATIONS ABORTED!
CODE: http://www.opencart.com
NOT FOUND - OPERATIONS ABORTED!
CODE: http://www.opencart.com
NOT FOUND - OPERATIONS ABORTED!
CODE: http://www.opencart.com
NOT FOUND - OPERATIONS ABORTED!
CODE: http://lowenet.biz/
NOT FOUND - OPERATIONS ABORTED!
CODE: http://lowenet.biz/
NOT FOUND - OPERATIONS ABORTED!
CODE: http://lowenet.biz/
NOT FOUND - OPERATIONS ABORTED!
----------------------------------------------------------------
MOD: Разом дешевше
CODE: // Text
LINE: 11
CODE: // Text
LINE: 8
CODE: $marketplace = array();
LINE: 327
CODE: return $this->load->view('common/menu', $data);
LINE: 154
----------------------------------------------------------------
MOD: Розумні віджети відео/зображення
CODE: $files = glob($directory . '/' . $filter_name . '*.{jpg,jpeg,png,gif,JPG,JPEG,PNG,GIF}', GLOB_BRACE);
NOT FOUND - OPERATIONS ABORTED!
----------------------------------------------------------------
MOD: Таблиця розмірів
CODE: if ($product_info) {
LINE: 224
CODE: <div id="product"
LINE: 161
CODE: <ul class="nav nav-tabs">
LINE: 38
CODE: <li><a href="#tab-review" data-toggle="tab">{{ tab_review }}</a></li>
LINE: 49
CODE: <div class="tab-pane active" id="tab-description">
LINE: 58
CODE: <div class="tab-pane active" id="tab-description">{{ description }}</div>
LINE: 58
CODE: <div id="product"
LINE: 27
CODE: <ul class="nav nav-tabs">
NOT FOUND - OPERATIONS ABORTED!
CODE: if ($this->user->hasPermission('access', 'catalog/information')) {
LINE: 292
CODE: // Text
LINE: 10
CODE: // Text
LINE: 7
CODE: // Text
LINE: 7
----------------------------------------------------------------
MOD: Товари в порядку додавання
CODE: $sql .= " ORDER BY pd.name";
LINE: 900
CODE: if (isset($data['order']) && ($data['order'] == 'DESC')) {
LINE: 907
CODE: $sort = 'pd.name';
LINE: 311
CODE: $order = 'ASC';
LINE: 318
CODE: http://opencart.pro/
NOT FOUND - OPERATIONS ABORTED!
CODE: http://opencart.pro/
NOT FOUND - OPERATIONS ABORTED!
CODE: http://opencart.pro/
NOT FOUND - OPERATIONS ABORTED!
CODE: http://myopencart.com/
NOT FOUND - OPERATIONS ABORTED!
CODE: http://myopencart.com/
NOT FOUND - OPERATIONS ABORTED!
CODE: http://myopencart.com/
NOT FOUND - OPERATIONS ABORTED!
CODE: http://www.opencart.com
NOT FOUND - OPERATIONS ABORTED!
CODE: http://www.opencart.com
NOT FOUND - OPERATIONS ABORTED!
CODE: http://www.opencart.com
NOT FOUND - OPERATIONS ABORTED!
CODE: http://lowenet.biz/
NOT FOUND - OPERATIONS ABORTED!
CODE: http://lowenet.biz/
NOT FOUND - OPERATIONS ABORTED!
CODE: http://lowenet.biz/
NOT FOUND - OPERATIONS ABORTED!
----------------------------------------------------------------
MOD: Швидке збереження
CODE: <button type="submit"
LINE: 12
CODE: {{ footer }}
LINE: 2058
CODE: public function index() {
LINE: 21
CODE: $data['cancel']
LINE: 689
CODE: <button type="submit"
LINE: 12
CODE: {{ footer }}
LINE: 619
CODE: public function index() {
LINE: 21
CODE: $data['cancel']
LINE: 397
CODE: <button type="submit"
LINE: 12
CODE: {{ footer }}
LINE: 406
CODE: public function index() {
LINE: 28
CODE: $data['cancel']
LINE: 351
CODE: <button type="submit"
LINE: 12
CODE: {{ footer }}
LINE: 510
CODE: public function index() {
LINE: 21
CODE: $data['cancel']
LINE: 342
----------------------------------------------------------------
